<?xml version="1.0" encoding="UTF-8"?>
<testsuite name="com.example.eunboard.controller.LoginControllerTest" tests="1" skipped="0" failures="1" errors="0" timestamp="2022-11-17T08:27:03" hostname="60156077ui-Macmini.local" time="0.826">
  <properties/>
  <testcase name="newTicketTest()" classname="com.example.eunboard.controller.LoginControllerTest" time="0.826">
    <failure message="java.lang.AssertionError: Status expected:&lt;200&gt; but was:&lt;401&gt;" type="java.lang.AssertionError">java.lang.AssertionError: Status expected:&lt;200&gt; but was:&lt;401&gt;
	at org.springframework.test.util.AssertionErrors.fail(AssertionErrors.java:59)
	at org.springframework.test.util.AssertionErrors.assertEquals(AssertionErrors.java:122)
	at org.springframework.test.web.servlet.result.StatusResultMatchers.lambda$matcher$9(StatusResultMatchers.java:627)
	at org.springframework.test.web.servlet.MockMvc$1.andExpect(MockMvc.java:212)
	at com.example.eunboard.controller.LoginControllerTest.newTicketTest(LoginControllerTest.java:165)
	at java.base/jdk.internal.reflect.NativeMethodAccessorImpl.invoke0(Native Method)
	at java.base/jdk.internal.reflect.NativeMethodAccessorImpl.invoke(NativeMethodAccessorImpl.java:77)
	at java.base/jdk.internal.reflect.DelegatingMethodAccessorImpl.invoke(DelegatingMethodAccessorImpl.java:43)
	at java.base/java.lang.reflect.Method.invoke(Method.java:568)
	at org.junit.platform.commons.util.ReflectionUtils.invokeMethod(ReflectionUtils.java:725)
	at org.junit.jupiter.engine.execution.MethodInvocation.proceed(MethodInvocation.java:60)
	at org.junit.jupiter.engine.execution.InvocationInterceptorChain$ValidatingInvocation.proceed(InvocationInterceptorChain.java:131)
	at org.junit.jupiter.engine.extension.TimeoutExtension.intercept(TimeoutExtension.java:149)
	at org.junit.jupiter.engine.extension.TimeoutExtension.interceptTestableMethod(TimeoutExtension.java:140)
	at org.junit.jupiter.engine.extension.TimeoutExtension.interceptTestMethod(TimeoutExtension.java:84)
	at org.junit.jupiter.engine.execution.ExecutableInvoker$ReflectiveInterceptorCall.lambda$ofVoidMethod$0(ExecutableInvoker.java:115)
	at org.junit.jupiter.engine.execution.ExecutableInvoker.lambda$invoke$0(ExecutableInvoker.java:105)
	at org.junit.jupiter.engine.execution.InvocationInterceptorChain$InterceptedInvocation.proceed(InvocationInterceptorChain.java:106)
	at org.junit.jupiter.engine.execution.InvocationInterceptorChain.proceed(InvocationInterceptorChain.java:64)
	at org.junit.jupiter.engine.execution.InvocationInterceptorChain.chainAndInvoke(InvocationInterceptorChain.java:45)
	at org.junit.jupiter.engine.execution.InvocationInterceptorChain.invoke(InvocationInterceptorChain.java:37)
	at org.junit.jupiter.engine.execution.ExecutableInvoker.invoke(ExecutableInvoker.java:104)
	at org.junit.jupiter.engine.execution.ExecutableInvoker.invoke(ExecutableInvoker.java:98)
	at org.junit.jupiter.engine.descriptor.TestMethodTestDescriptor.lambda$invokeTestMethod$7(TestMethodTestDescriptor.java:214)
	at org.junit.platform.engine.support.hierarchical.ThrowableCollector.execute(ThrowableCollector.java:73)
	at org.junit.jupiter.engine.descriptor.TestMethodTestDescriptor.invokeTestMethod(TestMethodTestDescriptor.java:210)
	at org.junit.jupiter.engine.descriptor.TestMethodTestDescriptor.execute(TestMethodTestDescriptor.java:135)
	at org.junit.jupiter.engine.descriptor.TestMethodTestDescriptor.execute(TestMethodTestDescriptor.java:66)
	at org.junit.platform.engine.support.hierarchical.NodeTestTask.lambda$executeRecursively$6(NodeTestTask.java:151)
	at org.junit.platform.engine.support.hierarchical.ThrowableCollector.execute(ThrowableCollector.java:73)
	at org.junit.platform.engine.support.hierarchical.NodeTestTask.lambda$executeRecursively$8(NodeTestTask.java:141)
	at org.junit.platform.engine.support.hierarchical.Node.around(Node.java:137)
	at org.junit.platform.engine.support.hierarchical.NodeTestTask.lambda$executeRecursively$9(NodeTestTask.java:139)
	at org.junit.platform.engine.support.hierarchical.ThrowableCollector.execute(ThrowableCollector.java:73)
	at org.junit.platform.engine.support.hierarchical.NodeTestTask.executeRecursively(NodeTestTask.java:138)
	at org.junit.platform.engine.support.hierarchical.NodeTestTask.execute(NodeTestTask.java:95)
	at java.base/java.util.ArrayList.forEach(ArrayList.java:1511)
	at org.junit.platform.engine.support.hierarchical.SameThreadHierarchicalTestExecutorService.invokeAll(SameThreadHierarchicalTestExecutorService.java:41)
	at org.junit.platform.engine.support.hierarchical.NodeTestTask.lambda$executeRecursively$6(NodeTestTask.java:155)
	at org.junit.platform.engine.support.hierarchical.ThrowableCollector.execute(ThrowableCollector.java:73)
	at org.junit.platform.engine.support.hierarchical.NodeTestTask.lambda$executeRecursively$8(NodeTestTask.java:141)
	at org.junit.platform.engine.support.hierarchical.Node.around(Node.java:137)
	at org.junit.platform.engine.support.hierarchical.NodeTestTask.lambda$executeRecursively$9(NodeTestTask.java:139)
	at org.junit.platform.engine.support.hierarchical.ThrowableCollector.execute(ThrowableCollector.java:73)
	at org.junit.platform.engine.support.hierarchical.NodeTestTask.executeRecursively(NodeTestTask.java:138)
	at org.junit.platform.engine.support.hierarchical.NodeTestTask.execute(NodeTestTask.java:95)
	at java.base/java.util.ArrayList.forEach(ArrayList.java:1511)
	at org.junit.platform.engine.support.hierarchical.SameThreadHierarchicalTestExecutorService.invokeAll(SameThreadHierarchicalTestExecutorService.java:41)
	at org.junit.platform.engine.support.hierarchical.NodeTestTask.lambda$executeRecursively$6(NodeTestTask.java:155)
	at org.junit.platform.engine.support.hierarchical.ThrowableCollector.execute(ThrowableCollector.java:73)
	at org.junit.platform.engine.support.hierarchical.NodeTestTask.lambda$executeRecursively$8(NodeTestTask.java:141)
	at org.junit.platform.engine.support.hierarchical.Node.around(Node.java:137)
	at org.junit.platform.engine.support.hierarchical.NodeTestTask.lambda$executeRecursively$9(NodeTestTask.java:139)
	at org.junit.platform.engine.support.hierarchical.ThrowableCollector.execute(ThrowableCollector.java:73)
	at org.junit.platform.engine.support.hierarchical.NodeTestTask.executeRecursively(NodeTestTask.java:138)
	at org.junit.platform.engine.support.hierarchical.NodeTestTask.execute(NodeTestTask.java:95)
	at org.junit.platform.engine.support.hierarchical.SameThreadHierarchicalTestExecutorService.submit(SameThreadHierarchicalTestExecutorService.java:35)
	at org.junit.platform.engine.support.hierarchical.HierarchicalTestExecutor.execute(HierarchicalTestExecutor.java:57)
	at org.junit.platform.engine.support.hierarchical.HierarchicalTestEngine.execute(HierarchicalTestEngine.java:54)
	at org.junit.platform.launcher.core.EngineExecutionOrchestrator.execute(EngineExecutionOrchestrator.java:107)
	at org.junit.platform.launcher.core.EngineExecutionOrchestrator.execute(EngineExecutionOrchestrator.java:88)
	at org.junit.platform.launcher.core.EngineExecutionOrchestrator.lambda$execute$0(EngineExecutionOrchestrator.java:54)
	at org.junit.platform.launcher.core.EngineExecutionOrchestrator.withInterceptedStreams(EngineExecutionOrchestrator.java:67)
	at org.junit.platform.launcher.core.EngineExecutionOrchestrator.execute(EngineExecutionOrchestrator.java:52)
	at org.junit.platform.launcher.core.DefaultLauncher.execute(DefaultLauncher.java:114)
	at org.junit.platform.launcher.core.DefaultLauncher.execute(DefaultLauncher.java:86)
	at org.junit.platform.launcher.core.DefaultLauncherSession$DelegatingLauncher.execute(DefaultLauncherSession.java:86)
	at org.junit.platform.launcher.core.SessionPerRequestLauncher.execute(SessionPerRequestLauncher.java:53)
	at org.gradle.api.internal.tasks.testing.junitplatform.JUnitPlatformTestClassProcessor$CollectAllTestClassesExecutor.processAllTestClasses(JUnitPlatformTestClassProcessor.java:99)
	at org.gradle.api.internal.tasks.testing.junitplatform.JUnitPlatformTestClassProcessor$CollectAllTestClassesExecutor.access$000(JUnitPlatformTestClassProcessor.java:79)
	at org.gradle.api.internal.tasks.testing.junitplatform.JUnitPlatformTestClassProcessor.stop(JUnitPlatformTestClassProcessor.java:75)
	at org.gradle.api.internal.tasks.testing.SuiteTestClassProcessor.stop(SuiteTestClassProcessor.java:61)
	at java.base/jdk.internal.reflect.NativeMethodAccessorImpl.invoke0(Native Method)
	at java.base/jdk.internal.reflect.NativeMethodAccessorImpl.invoke(NativeMethodAccessorImpl.java:77)
	at java.base/jdk.internal.reflect.DelegatingMethodAccessorImpl.invoke(DelegatingMethodAccessorImpl.java:43)
	at java.base/java.lang.reflect.Method.invoke(Method.java:568)
	at org.gradle.internal.dispatch.ReflectionDispatch.dispatch(ReflectionDispatch.java:36)
	at org.gradle.internal.dispatch.ReflectionDispatch.dispatch(ReflectionDispatch.java:24)
	at org.gradle.internal.dispatch.ContextClassLoaderDispatch.dispatch(ContextClassLoaderDispatch.java:33)
	at org.gradle.internal.dispatch.ProxyDispatchAdapter$DispatchingInvocationHandler.invoke(ProxyDispatchAdapter.java:94)
	at jdk.proxy1/jdk.proxy1.$Proxy2.stop(Unknown Source)
	at org.gradle.api.internal.tasks.testing.worker.TestWorker$3.run(TestWorker.java:193)
	at org.gradle.api.internal.tasks.testing.worker.TestWorker.executeAndMaintainThreadName(TestWorker.java:129)
	at org.gradle.api.internal.tasks.testing.worker.TestWorker.execute(TestWorker.java:100)
	at org.gradle.api.internal.tasks.testing.worker.TestWorker.execute(TestWorker.java:60)
	at org.gradle.process.internal.worker.child.ActionExecutionWorker.execute(ActionExecutionWorker.java:56)
	at org.gradle.process.internal.worker.child.SystemApplicationClassLoaderWorker.call(SystemApplicationClassLoaderWorker.java:133)
	at org.gradle.process.internal.worker.child.SystemApplicationClassLoaderWorker.call(SystemApplicationClassLoaderWorker.java:71)
	at worker.org.gradle.process.internal.worker.GradleWorkerMain.run(GradleWorkerMain.java:69)
	at worker.org.gradle.process.internal.worker.GradleWorkerMain.main(GradleWorkerMain.java:74)
</failure>
  </testcase>
  <system-out><![CDATA[17:27:00.979 [Test worker] DEBUG org.springframework.test.context.BootstrapUtils - Instantiating CacheAwareContextLoaderDelegate from class [org.springframework.test.context.cache.DefaultCacheAwareContextLoaderDelegate]
17:27:00.983 [Test worker] DEBUG org.springframework.test.context.BootstrapUtils - Instantiating BootstrapContext using constructor [public org.springframework.test.context.support.DefaultBootstrapContext(java.lang.Class,org.springframework.test.context.CacheAwareContextLoaderDelegate)]
17:27:00.997 [Test worker] DEBUG org.springframework.test.context.BootstrapUtils - Instantiating TestContextBootstrapper for test class [com.example.eunboard.controller.LoginControllerTest] from class [org.springframework.boot.test.context.SpringBootTestContextBootstrapper]
17:27:01.002 [Test worker] INFO org.springframework.boot.test.context.SpringBootTestContextBootstrapper - Neither @ContextConfiguration nor @ContextHierarchy found for test class [com.example.eunboard.controller.LoginControllerTest], using SpringBootContextLoader
17:27:01.004 [Test worker] DEBUG org.springframework.test.context.support.AbstractContextLoader - Did not detect default resource location for test class [com.example.eunboard.controller.LoginControllerTest]: class path resource [com/example/eunboard/controller/LoginControllerTest-context.xml] does not exist
17:27:01.004 [Test worker] DEBUG org.springframework.test.context.support.AbstractContextLoader - Did not detect default resource location for test class [com.example.eunboard.controller.LoginControllerTest]: class path resource [com/example/eunboard/controller/LoginControllerTestContext.groovy] does not exist
17:27:01.004 [Test worker] INFO org.springframework.test.context.support.AbstractContextLoader - Could not detect default resource locations for test class [com.example.eunboard.controller.LoginControllerTest]: no resource found for suffixes {-context.xml, Context.groovy}.
17:27:01.004 [Test worker] INFO org.springframework.test.context.support.AnnotationConfigContextLoaderUtils - Could not detect default configuration classes for test class [com.example.eunboard.controller.LoginControllerTest]: LoginControllerTest does not declare any static, non-private, non-final, nested classes annotated with @Configuration.
17:27:01.028 [Test worker] DEBUG org.springframework.test.context.support.ActiveProfilesUtils - Could not find an 'annotation declaring class' for annotation type [org.springframework.test.context.ActiveProfiles] and class [com.example.eunboard.controller.LoginControllerTest]
17:27:01.060 [Test worker] DEBUG org.springframework.context.annotation.ClassPathScanningCandidateComponentProvider - Identified candidate component class: file [/Users/a60156077/Documents/side/MateCarPool/build/classes/java/main/com/example/eunboard/EunboardApplication.class]
17:27:01.061 [Test worker] INFO org.springframework.boot.test.context.SpringBootTestContextBootstrapper - Found @SpringBootConfiguration com.example.eunboard.EunboardApplication for test class com.example.eunboard.controller.LoginControllerTest
17:27:01.093 [Test worker] DEBUG org.springframework.boot.test.context.SpringBootTestContextBootstrapper - @TestExecutionListeners is not present for class [com.example.eunboard.controller.LoginControllerTest]: using defaults.
17:27:01.093 [Test worker] INFO org.springframework.boot.test.context.SpringBootTestContextBootstrapper - Loaded default TestExecutionListener class names from location [META-INF/spring.factories]: [org.springframework.security.test.context.support.WithSecurityContextTestExecutionListener, org.springframework.security.test.context.support.ReactorContextTestExecutionListener, org.springframework.boot.test.autoconfigure.restdocs.RestDocsTestExecutionListener, org.springframework.boot.test.autoconfigure.web.client.MockRestServiceServerResetTestExecutionListener, org.springframework.boot.test.autoconfigure.web.servlet.MockMvcPrintOnlyOnFailureTestExecutionListener, org.springframework.boot.test.autoconfigure.web.servlet.WebDriverTestExecutionListener, org.springframework.boot.test.autoconfigure.webservices.client.MockWebServiceServerTestExecutionListener, org.springframework.boot.test.mock.mockito.MockitoTestExecutionListener, org.springframework.boot.test.mock.mockito.ResetMocksTestExecutionListener, org.springframework.test.context.web.ServletTestExecutionListener, org.springframework.test.context.support.DirtiesContextBeforeModesTestExecutionListener, org.springframework.test.context.event.ApplicationEventsTestExecutionListener, org.springframework.test.context.support.DependencyInjectionTestExecutionListener, org.springframework.test.context.support.DirtiesContextTestExecutionListener, org.springframework.test.context.transaction.TransactionalTestExecutionListener, org.springframework.test.context.jdbc.SqlScriptsTestExecutionListener, org.springframework.test.context.event.EventPublishingTestExecutionListener]
17:27:01.100 [Test worker] INFO org.springframework.boot.test.context.SpringBootTestContextBootstrapper - Using TestExecutionListeners: [org.springframework.test.context.web.ServletTestExecutionListener@ab7a938, org.springframework.test.context.support.DirtiesContextBeforeModesTestExecutionListener@3faf2e7d, org.springframework.test.context.event.ApplicationEventsTestExecutionListener@4648ce9, org.springframework.boot.test.mock.mockito.MockitoTestExecutionListener@569bf9eb, org.springframework.boot.test.autoconfigure.SpringBootDependencyInjectionTestExecutionListener@61526469, org.springframework.test.context.support.DirtiesContextTestExecutionListener@274872f8, org.springframework.test.context.transaction.TransactionalTestExecutionListener@76ba13c, org.springframework.test.context.jdbc.SqlScriptsTestExecutionListener@eb6449b, org.springframework.security.test.context.support.WithSecurityContextTestExecutionListener@7c351808, org.springframework.test.context.event.EventPublishingTestExecutionListener@180e6ac4, org.springframework.security.test.context.support.ReactorContextTestExecutionListener@42b64ab8, org.springframework.boot.test.autoconfigure.restdocs.RestDocsTestExecutionListener@7e985ce9, org.springframework.boot.test.autoconfigure.web.client.MockRestServiceServerResetTestExecutionListener@2a39fe6a, org.springframework.boot.test.autoconfigure.web.servlet.MockMvcPrintOnlyOnFailureTestExecutionListener@410ae9a3, org.springframework.boot.test.autoconfigure.web.servlet.WebDriverTestExecutionListener@319988b0, org.springframework.boot.test.autoconfigure.webservices.client.MockWebServiceServerTestExecutionListener@d5ae57e, org.springframework.boot.test.mock.mockito.ResetMocksTestExecutionListener@68759011]
17:27:01.102 [Test worker] DEBUG org.springframework.test.context.support.AbstractDirtiesContextTestExecutionListener - Before test class: context [DefaultTestContext@36b0fcd5 testClass = LoginControllerTest, testInstance = [null], testMethod = [null], testException = [null], mergedContextConfiguration = [WebMergedContextConfiguration@4fad94a7 testClass = LoginControllerTest, locations = '{}', classes = '{class com.example.eunboard.EunboardApplication}', contextInitializerClasses = '[]', activeProfiles = '{}', propertySourceLocations = '{}', propertySourceProperties = '{org.springframework.boot.test.context.SpringBootTestContextBootstrapper=true}', contextCustomizers = set[org.springframework.boot.test.autoconfigure.actuate.metrics.MetricsExportContextCustomizerFactory$DisableMetricExportContextCustomizer@4b79ac84, org.springframework.boot.test.autoconfigure.properties.PropertyMappingContextCustomizer@4b3fa0b3, org.springframework.boot.test.autoconfigure.web.servlet.WebDriverContextCustomizerFactory$Customizer@40db2a24, [ImportsContextCustomizer@475835b1 key = [org.springframework.boot.test.autoconfigure.web.servlet.MockMvcAutoConfiguration, org.springframework.boot.test.autoconfigure.web.servlet.MockMvcWebClientAutoConfiguration, org.springframework.boot.test.autoconfigure.web.servlet.MockMvcWebDriverAutoConfiguration, org.springframework.boot.autoconfigure.security.oauth2.client.servlet.OAuth2ClientAutoConfiguration, org.springframework.boot.autoconfigure.security.oauth2.resource.servlet.OAuth2ResourceServerAutoConfiguration, org.springframework.boot.autoconfigure.security.servlet.SecurityAutoConfiguration, org.springframework.boot.autoconfigure.security.servlet.SecurityFilterAutoConfiguration, org.springframework.boot.autoconfigure.security.servlet.UserDetailsServiceAutoConfiguration, org.springframework.boot.test.autoconfigure.web.servlet.MockMvcSecurityConfiguration, org.springframework.boot.test.autoconfigure.web.reactive.WebTestClientAutoConfiguration]], org.springframework.boot.test.context.filter.ExcludeFilterContextCustomizer@6fb365ed, org.springframework.boot.test.json.DuplicateJsonObjectContextCustomizerFactory$DuplicateJsonObjectContextCustomizer@46dffdc3, org.springframework.boot.test.mock.mockito.MockitoContextCustomizer@0, org.springframework.boot.test.web.client.TestRestTemplateContextCustomizer@149dd36b, org.springframework.boot.test.context.SpringBootTestArgs@1, org.springframework.boot.test.context.SpringBootTestWebEnvironment@2892dae4], resourceBasePath = 'src/main/webapp', contextLoader = 'org.springframework.boot.test.context.SpringBootContextLoader', parent = [null]], attributes = map['org.springframework.test.context.web.ServletTestExecutionListener.activateListener' -> true]], class annotated with @DirtiesContext [false] with mode [null].

  .   ____          _            __ _ _
 /\\ / ___'_ __ _ _(_)_ __  __ _ \ \ \ \
( ( )\___ | '_ | '_| | '_ \/ _` | \ \ \ \
 \\/  ___)| |_)| | | | | || (_| |  ) ) ) )
  '  |____| .__|_| |_|_| |_\__, | / / / /
 =========|_|==============|___/=/_/_/_/
 :: Spring Boot ::                (v2.7.3)

2022-11-17 17:27:01.258  INFO 20624 --- [    Test worker] c.e.e.controller.LoginControllerTest     : Starting LoginControllerTest using Java 17.0.1 on 60156077ui-Macmini.local with PID 20624 (started by a60156077 in /Users/a60156077/Documents/side/MateCarPool)
2022-11-17 17:27:01.259  INFO 20624 --- [    Test worker] c.e.e.controller.LoginControllerTest     : The following 1 profile is active: "mj"
2022-11-17 17:27:01.755  INFO 20624 --- [    Test worker] .s.d.r.c.RepositoryConfigurationDelegate : Multiple Spring Data modules found, entering strict repository configuration mode
2022-11-17 17:27:01.755  INFO 20624 --- [    Test worker] .s.d.r.c.RepositoryConfigurationDelegate : Bootstrapping Spring Data Redis repositories in DEFAULT mode.
2022-11-17 17:27:01.765  INFO 20624 --- [    Test worker] .s.d.r.c.RepositoryConfigurationDelegate : Finished Spring Data repository scanning in 3 ms. Found 0 Redis repository interfaces.
2022-11-17 17:27:01.849  INFO 20624 --- [    Test worker] .s.d.r.c.RepositoryConfigurationDelegate : Multiple Spring Data modules found, entering strict repository configuration mode
2022-11-17 17:27:01.850  INFO 20624 --- [    Test worker] .s.d.r.c.RepositoryConfigurationDelegate : Bootstrapping Spring Data JPA repositories in DEFAULT mode.
2022-11-17 17:27:02.018  INFO 20624 --- [    Test worker] .s.d.r.c.RepositoryConfigurationDelegate : Finished Spring Data repository scanning in 166 ms. Found 7 JPA repository interfaces.
2022-11-17 17:27:02.023  INFO 20624 --- [    Test worker] .s.d.r.c.RepositoryConfigurationDelegate : Multiple Spring Data modules found, entering strict repository configuration mode
2022-11-17 17:27:02.023  INFO 20624 --- [    Test worker] .s.d.r.c.RepositoryConfigurationDelegate : Bootstrapping Spring Data Redis repositories in DEFAULT mode.
2022-11-17 17:27:02.048  INFO 20624 --- [    Test worker] .RepositoryConfigurationExtensionSupport : Spring Data Redis - Could not safely identify store assignment for repository candidate interface com.example.eunboard.board.adapter.out.QuestionBoardRepository; If you want this repository to be a Redis repository, consider annotating your entities with one of these annotations: org.springframework.data.redis.core.RedisHash (preferred), or consider extending one of the following types with your repository: org.springframework.data.keyvalue.repository.KeyValueRepository
2022-11-17 17:27:02.049  INFO 20624 --- [    Test worker] .RepositoryConfigurationExtensionSupport : Spring Data Redis - Could not safely identify store assignment for repository candidate interface com.example.eunboard.board.adapter.out.ReportBoardRepository; If you want this repository to be a Redis repository, consider annotating your entities with one of these annotations: org.springframework.data.redis.core.RedisHash (preferred), or consider extending one of the following types with your repository: org.springframework.data.keyvalue.repository.KeyValueRepository
2022-11-17 17:27:02.049  INFO 20624 --- [    Test worker] .RepositoryConfigurationExtensionSupport : Spring Data Redis - Could not safely identify store assignment for repository candidate interface com.example.eunboard.member.adapter.out.repository.MemberRepository; If you want this repository to be a Redis repository, consider annotating your entities with one of these annotations: org.springframework.data.redis.core.RedisHash (preferred), or consider extending one of the following types with your repository: org.springframework.data.keyvalue.repository.KeyValueRepository
2022-11-17 17:27:02.049  INFO 20624 --- [    Test worker] .RepositoryConfigurationExtensionSupport : Spring Data Redis - Could not safely identify store assignment for repository candidate interface com.example.eunboard.passenger.adapter.out.repository.PassengerRepository; If you want this repository to be a Redis repository, consider annotating your entities with one of these annotations: org.springframework.data.redis.core.RedisHash (preferred), or consider extending one of the following types with your repository: org.springframework.data.keyvalue.repository.KeyValueRepository
2022-11-17 17:27:02.049  INFO 20624 --- [    Test worker] .RepositoryConfigurationExtensionSupport : Spring Data Redis - Could not safely identify store assignment for repository candidate interface com.example.eunboard.ticket.adapter.out.TicketRepository; If you want this repository to be a Redis repository, consider annotating your entities with one of these annotations: org.springframework.data.redis.core.RedisHash (preferred), or consider extending one of the following types with your repository: org.springframework.data.keyvalue.repository.KeyValueRepository
2022-11-17 17:27:02.049  INFO 20624 --- [    Test worker] .RepositoryConfigurationExtensionSupport : Spring Data Redis - Could not safely identify store assignment for repository candidate interface com.example.eunboard.ticket.adapter.out.WithdrawalRepository; If you want this repository to be a Redis repository, consider annotating your entities with one of these annotations: org.springframework.data.redis.core.RedisHash (preferred), or consider extending one of the following types with your repository: org.springframework.data.keyvalue.repository.KeyValueRepository
2022-11-17 17:27:02.050  INFO 20624 --- [    Test worker] .RepositoryConfigurationExtensionSupport : Spring Data Redis - Could not safely identify store assignment for repository candidate interface com.example.eunboard.timetable.adapter.out.repository.MemberTimetableRepository; If you want this repository to be a Redis repository, consider annotating your entities with one of these annotations: org.springframework.data.redis.core.RedisHash (preferred), or consider extending one of the following types with your repository: org.springframework.data.keyvalue.repository.KeyValueRepository
2022-11-17 17:27:02.050  INFO 20624 --- [    Test worker] .s.d.r.c.RepositoryConfigurationDelegate : Finished Spring Data repository scanning in 26 ms. Found 0 Redis repository interfaces.
2022-11-17 17:27:02.334  INFO 20624 --- [    Test worker] o.hibernate.jpa.internal.util.LogHelper  : HHH000204: Processing PersistenceUnitInfo [name: default]
2022-11-17 17:27:02.361  INFO 20624 --- [    Test worker] org.hibernate.Version                    : HHH000412: Hibernate ORM core version 5.6.10.Final
2022-11-17 17:27:02.424  INFO 20624 --- [    Test worker] o.hibernate.annotations.common.Version   : HCANN000001: Hibernate Commons Annotations {5.1.2.Final}
2022-11-17 17:27:02.462  INFO 20624 --- [    Test worker] com.zaxxer.hikari.HikariDataSource       : HikariPool-1 - Starting...
2022-11-17 17:27:02.522  INFO 20624 --- [    Test worker] com.zaxxer.hikari.HikariDataSource       : HikariPool-1 - Start completed.
2022-11-17 17:27:02.535  INFO 20624 --- [    Test worker] org.hibernate.dialect.Dialect            : HHH000400: Using dialect: org.hibernate.dialect.H2Dialect
2022-11-17 17:27:02.866 DEBUG 20624 --- [    Test worker] org.hibernate.SQL                        : 
    
    drop table if exists member CASCADE 
Hibernate: 
    
    drop table if exists member CASCADE 
2022-11-17 17:27:02.871 DEBUG 20624 --- [    Test worker] org.hibernate.SQL                        : 
    
    drop table if exists member_timetable CASCADE 
Hibernate: 
    
    drop table if exists member_timetable CASCADE 
2022-11-17 17:27:02.876 DEBUG 20624 --- [    Test worker] org.hibernate.SQL                        : 
    
    drop table if exists passenger CASCADE 
Hibernate: 
    
    drop table if exists passenger CASCADE 
2022-11-17 17:27:02.882 DEBUG 20624 --- [    Test worker] org.hibernate.SQL                        : 
    
    drop table if exists question_board CASCADE 
Hibernate: 
    
    drop table if exists question_board CASCADE 
2022-11-17 17:27:02.888 DEBUG 20624 --- [    Test worker] org.hibernate.SQL                        : 
    
    drop table if exists report_board CASCADE 
Hibernate: 
    
    drop table if exists report_board CASCADE 
2022-11-17 17:27:02.892 DEBUG 20624 --- [    Test worker] org.hibernate.SQL                        : 
    
    drop table if exists ticket CASCADE 
Hibernate: 
    
    drop table if exists ticket CASCADE 
2022-11-17 17:27:02.892 DEBUG 20624 --- [    Test worker] org.hibernate.SQL                        : 
    
    drop table if exists withdrawal CASCADE 
Hibernate: 
    
    drop table if exists withdrawal CASCADE 
2022-11-17 17:27:02.894 DEBUG 20624 --- [    Test worker] org.hibernate.SQL                        : 
    
    create table member (
       member_id bigint generated by default as identity,
        create_date timestamp,
        update_date timestamp,
        area varchar(50),
        auth varchar(10),
        delete_date timestamp,
        department varchar(255),
        email varchar(255),
        is_member TINYINT default 0,
        is_removed TINYINT default 0,
        member_name varchar(255),
        password varchar(255),
        phone_number varchar(11),
        profile_image varchar(255),
        student_number varchar(255),
        primary key (member_id)
    )
Hibernate: 
    
    create table member (
       member_id bigint generated by default as identity,
        create_date timestamp,
        update_date timestamp,
        area varchar(50),
        auth varchar(10),
        delete_date timestamp,
        department varchar(255),
        email varchar(255),
        is_member TINYINT default 0,
        is_removed TINYINT default 0,
        member_name varchar(255),
        password varchar(255),
        phone_number varchar(11),
        profile_image varchar(255),
        student_number varchar(255),
        primary key (member_id)
    )
2022-11-17 17:27:02.899 DEBUG 20624 --- [    Test worker] org.hibernate.SQL                        : 
    
    create table member_timetable (
       member_timetable_id bigint generated by default as identity,
        day_code varchar(1) not null,
        member_id bigint,
        primary key (member_timetable_id)
    )
Hibernate: 
    
    create table member_timetable (
       member_timetable_id bigint generated by default as identity,
        day_code varchar(1) not null,
        member_id bigint,
        primary key (member_timetable_id)
    )
2022-11-17 17:27:02.900 DEBUG 20624 --- [    Test worker] org.hibernate.SQL                        : 
    
    create table passenger (
       passenger_id bigint generated by default as identity,
        create_date timestamp,
        update_date timestamp,
        is_cancel TINYINT(1) default '0',
        member_id bigint,
        ticket_id bigint,
        primary key (passenger_id)
    )
Hibernate: 
    
    create table passenger (
       passenger_id bigint generated by default as identity,
        create_date timestamp,
        update_date timestamp,
        is_cancel TINYINT(1) default '0',
        member_id bigint,
        ticket_id bigint,
        primary key (passenger_id)
    )
2022-11-17 17:27:02.901 DEBUG 20624 --- [    Test worker] org.hibernate.SQL                        : 
    
    create table question_board (
       question_board_id bigint generated by default as identity,
        create_date timestamp,
        update_date timestamp,
        content varchar(255),
        member_id bigint,
        title varchar(255),
        writer_email varchar(255),
        writer_student_id varchar(255),
        primary key (question_board_id)
    )
Hibernate: 
    
    create table question_board (
       question_board_id bigint generated by default as identity,
        create_date timestamp,
        update_date timestamp,
        content varchar(255),
        member_id bigint,
        title varchar(255),
        writer_email varchar(255),
        writer_student_id varchar(255),
        primary key (question_board_id)
    )
2022-11-17 17:27:02.902 DEBUG 20624 --- [    Test worker] org.hibernate.SQL                        : 
    
    create table report_board (
       report_board_id bigint generated by default as identity,
        create_date timestamp,
        update_date timestamp,
        content varchar(255),
        member_id bigint,
        report_student_id varchar(255),
        writer_email varchar(255),
        writer_student_id varchar(255),
        primary key (report_board_id)
    )
Hibernate: 
    
    create table report_board (
       report_board_id bigint generated by default as identity,
        create_date timestamp,
        update_date timestamp,
        content varchar(255),
        member_id bigint,
        report_student_id varchar(255),
        writer_email varchar(255),
        writer_student_id varchar(255),
        primary key (report_board_id)
    )
2022-11-17 17:27:02.903 DEBUG 20624 --- [    Test worker] org.hibernate.SQL                        : 
    
    create table ticket (
       ticket_id bigint generated by default as identity,
        create_date timestamp,
        update_date timestamp,
        end_area varchar(50),
        kakao_open_chat_title varchar(255),
        kakao_open_chat_url varchar(255),
        recruit_person integer,
        start_area varchar(50),
        start_dtime varchar(255),
        status varchar(8),
        ticket_price TINYINT(1) default '0',
        member_id bigint,
        primary key (ticket_id)
    )
Hibernate: 
    
    create table ticket (
       ticket_id bigint generated by default as identity,
        create_date timestamp,
        update_date timestamp,
        end_area varchar(50),
        kakao_open_chat_title varchar(255),
        kakao_open_chat_url varchar(255),
        recruit_person integer,
        start_area varchar(50),
        start_dtime varchar(255),
        status varchar(8),
        ticket_price TINYINT(1) default '0',
        member_id bigint,
        primary key (ticket_id)
    )
2022-11-17 17:27:02.908 DEBUG 20624 --- [    Test worker] org.hibernate.SQL                        : 
    
    create table withdrawal (
       withdrawal_id bigint generated by default as identity,
        content varchar(255),
        primary key (withdrawal_id)
    )
Hibernate: 
    
    create table withdrawal (
       withdrawal_id bigint generated by default as identity,
        content varchar(255),
        primary key (withdrawal_id)
    )
2022-11-17 17:27:02.910 DEBUG 20624 --- [    Test worker] org.hibernate.SQL                        : 
    
    alter table member_timetable 
       add constraint FKgvxqiinhdd9dkh860qod81mp0 
       foreign key (member_id) 
       references member
Hibernate: 
    
    alter table member_timetable 
       add constraint FKgvxqiinhdd9dkh860qod81mp0 
       foreign key (member_id) 
       references member
2022-11-17 17:27:02.915 DEBUG 20624 --- [    Test worker] org.hibernate.SQL                        : 
    
    alter table passenger 
       add constraint FK1snx9jv77wtw9qpjyxh95jy5u 
       foreign key (member_id) 
       references member
Hibernate: 
    
    alter table passenger 
       add constraint FK1snx9jv77wtw9qpjyxh95jy5u 
       foreign key (member_id) 
       references member
2022-11-17 17:27:02.916 DEBUG 20624 --- [    Test worker] org.hibernate.SQL                        : 
    
    alter table passenger 
       add constraint FKos3sguiasei5a6ysi44ovwou2 
       foreign key (ticket_id) 
       references ticket
Hibernate: 
    
    alter table passenger 
       add constraint FKos3sguiasei5a6ysi44ovwou2 
       foreign key (ticket_id) 
       references ticket
2022-11-17 17:27:02.917 DEBUG 20624 --- [    Test worker] org.hibernate.SQL                        : 
    
    alter table ticket 
       add constraint FKd5t3axsm3pj3mt41qhpkmw9yj 
       foreign key (member_id) 
       references member
Hibernate: 
    
    alter table ticket 
       add constraint FKd5t3axsm3pj3mt41qhpkmw9yj 
       foreign key (member_id) 
       references member
2022-11-17 17:27:02.919  INFO 20624 --- [    Test worker] o.h.e.t.j.p.i.JtaPlatformInitiator       : HHH000490: Using JtaPlatform implementation: [org.hibernate.engine.transaction.jta.platform.internal.NoJtaPlatform]
2022-11-17 17:27:02.925  INFO 20624 --- [    Test worker] j.LocalContainerEntityManagerFactoryBean : Initialized JPA EntityManagerFactory for persistence unit 'default'
2022-11-17 17:27:03.449  WARN 20624 --- [    Test worker] JpaBaseConfiguration$JpaWebConfiguration : spring.jpa.open-in-view is enabled by default. Therefore, database queries may be performed during view rendering. Explicitly configure spring.jpa.open-in-view to disable this warning
2022-11-17 17:27:03.638  INFO 20624 --- [    Test worker] o.s.s.web.DefaultSecurityFilterChain     : Will secure any request with [org.springframework.security.web.session.DisableEncodeUrlFilter@13f358f8, org.springframework.security.web.context.request.async.WebAsyncManagerIntegrationFilter@3f119b55, org.springframework.security.web.context.SecurityContextPersistenceFilter@5e0602ff, org.springframework.security.web.header.HeaderWriterFilter@3a388769, org.springframework.web.filter.CorsFilter@64dcfd09, org.springframework.security.web.authentication.logout.LogoutFilter@528ef230, com.example.eunboard.shared.security.JwtAuthenticationFilter@fefd4a2, org.springframework.security.web.savedrequest.RequestCacheAwareFilter@15251cc2, org.springframework.security.web.servletapi.SecurityContextHolderAwareRequestFilter@7bdaf563, org.springframework.security.web.authentication.AnonymousAuthenticationFilter@6d2693f, org.springframework.security.web.session.SessionManagementFilter@3c7f8c25, org.springframework.security.web.access.ExceptionTranslationFilter@55c78556, org.springframework.security.web.access.intercept.FilterSecurityInterceptor@7915111a]
2022-11-17 17:27:03.644  WARN 20624 --- [    Test worker] o.s.s.c.a.web.builders.WebSecurity       : You are asking Spring Security to ignore Ant [pattern='/h2-console/**']. This is not recommended -- please use permitAll via HttpSecurity#authorizeHttpRequests instead.
2022-11-17 17:27:03.644  INFO 20624 --- [    Test worker] o.s.s.web.DefaultSecurityFilterChain     : Will not secure Ant [pattern='/h2-console/**']
2022-11-17 17:27:03.644  WARN 20624 --- [    Test worker] o.s.s.c.a.web.builders.WebSecurity       : You are asking Spring Security to ignore Ant [pattern='/favicon.ico']. This is not recommended -- please use permitAll via HttpSecurity#authorizeHttpRequests instead.
2022-11-17 17:27:03.644  INFO 20624 --- [    Test worker] o.s.s.web.DefaultSecurityFilterChain     : Will not secure Ant [pattern='/favicon.ico']
2022-11-17 17:27:03.644  WARN 20624 --- [    Test worker] o.s.s.c.a.web.builders.WebSecurity       : You are asking Spring Security to ignore Ant [pattern='/css/**']. This is not recommended -- please use permitAll via HttpSecurity#authorizeHttpRequests instead.
2022-11-17 17:27:03.644  INFO 20624 --- [    Test worker] o.s.s.web.DefaultSecurityFilterChain     : Will not secure Ant [pattern='/css/**']
2022-11-17 17:27:03.644  WARN 20624 --- [    Test worker] o.s.s.c.a.web.builders.WebSecurity       : You are asking Spring Security to ignore Ant [pattern='/js/**']. This is not recommended -- please use permitAll via HttpSecurity#authorizeHttpRequests instead.
2022-11-17 17:27:03.644  INFO 20624 --- [    Test worker] o.s.s.web.DefaultSecurityFilterChain     : Will not secure Ant [pattern='/js/**']
2022-11-17 17:27:03.644  WARN 20624 --- [    Test worker] o.s.s.c.a.web.builders.WebSecurity       : You are asking Spring Security to ignore Ant [pattern='/img/**']. This is not recommended -- please use permitAll via HttpSecurity#authorizeHttpRequests instead.
2022-11-17 17:27:03.644  INFO 20624 --- [    Test worker] o.s.s.web.DefaultSecurityFilterChain     : Will not secure Ant [pattern='/img/**']
2022-11-17 17:27:03.644  WARN 20624 --- [    Test worker] o.s.s.c.a.web.builders.WebSecurity       : You are asking Spring Security to ignore Ant [pattern='/lib/**']. This is not recommended -- please use permitAll via HttpSecurity#authorizeHttpRequests instead.
2022-11-17 17:27:03.644  INFO 20624 --- [    Test worker] o.s.s.web.DefaultSecurityFilterChain     : Will not secure Ant [pattern='/lib/**']
2022-11-17 17:27:03.778  WARN 20624 --- [    Test worker] ion$DefaultTemplateResolverConfiguration : Cannot find template location: classpath:/templates/ (please add some templates or check your Thymeleaf configuration)
2022-11-17 17:27:03.873  INFO 20624 --- [    Test worker] o.s.b.t.m.w.SpringBootMockServletContext : Initializing Spring TestDispatcherServlet ''
2022-11-17 17:27:03.873  INFO 20624 --- [    Test worker] o.s.t.web.servlet.TestDispatcherServlet  : Initializing Servlet ''
2022-11-17 17:27:03.874  INFO 20624 --- [    Test worker] o.s.t.web.servlet.TestDispatcherServlet  : Completed initialization in 1 ms
2022-11-17 17:27:03.884  INFO 20624 --- [    Test worker] c.e.e.controller.LoginControllerTest     : Started LoginControllerTest in 2.767 seconds (JVM running for 3.385)
2022-11-17 17:27:03.910  INFO 20624 --- [    Test worker] o.s.t.c.transaction.TransactionContext   : Began transaction (1) for test context [DefaultTestContext@36b0fcd5 testClass = LoginControllerTest, testInstance = com.example.eunboard.controller.LoginControllerTest@2be9add0, testMethod = newTicketTest@LoginControllerTest, testException = [null], mergedContextConfiguration = [WebMergedContextConfiguration@4fad94a7 testClass = LoginControllerTest, locations = '{}', classes = '{class com.example.eunboard.EunboardApplication}', contextInitializerClasses = '[]', activeProfiles = '{}', propertySourceLocations = '{}', propertySourceProperties = '{org.springframework.boot.test.context.SpringBootTestContextBootstrapper=true}', contextCustomizers = set[org.springframework.boot.test.autoconfigure.actuate.metrics.MetricsExportContextCustomizerFactory$DisableMetricExportContextCustomizer@4b79ac84, org.springframework.boot.test.autoconfigure.properties.PropertyMappingContextCustomizer@4b3fa0b3, org.springframework.boot.test.autoconfigure.web.servlet.WebDriverContextCustomizerFactory$Customizer@40db2a24, [ImportsContextCustomizer@475835b1 key = [org.springframework.boot.test.autoconfigure.web.servlet.MockMvcAutoConfiguration, org.springframework.boot.test.autoconfigure.web.servlet.MockMvcWebClientAutoConfiguration, org.springframework.boot.test.autoconfigure.web.servlet.MockMvcWebDriverAutoConfiguration, org.springframework.boot.autoconfigure.security.oauth2.client.servlet.OAuth2ClientAutoConfiguration, org.springframework.boot.autoconfigure.security.oauth2.resource.servlet.OAuth2ResourceServerAutoConfiguration, org.springframework.boot.autoconfigure.security.servlet.SecurityAutoConfiguration, org.springframework.boot.autoconfigure.security.servlet.SecurityFilterAutoConfiguration, org.springframework.boot.autoconfigure.security.servlet.UserDetailsServiceAutoConfiguration, org.springframework.boot.test.autoconfigure.web.servlet.MockMvcSecurityConfiguration, org.springframework.boot.test.autoconfigure.web.reactive.WebTestClientAutoConfiguration]], org.springframework.boot.test.context.filter.ExcludeFilterContextCustomizer@6fb365ed, org.springframework.boot.test.json.DuplicateJsonObjectContextCustomizerFactory$DuplicateJsonObjectContextCustomizer@46dffdc3, org.springframework.boot.test.mock.mockito.MockitoContextCustomizer@0, org.springframework.boot.test.web.client.TestRestTemplateContextCustomizer@149dd36b, org.springframework.boot.test.context.SpringBootTestArgs@1, org.springframework.boot.test.context.SpringBootTestWebEnvironment@2892dae4], resourceBasePath = 'src/main/webapp', contextLoader = 'org.springframework.boot.test.context.SpringBootContextLoader', parent = [null]], attributes = map['org.springframework.test.context.web.ServletTestExecutionListener.activateListener' -> true, 'org.springframework.test.context.web.ServletTestExecutionListener.populatedRequestContextHolder' -> true, 'org.springframework.test.context.web.ServletTestExecutionListener.resetRequestContextHolder' -> true, 'org.springframework.test.context.event.ApplicationEventsTestExecutionListener.recordApplicationEvents' -> false]]; transaction manager [org.springframework.orm.jpa.JpaTransactionManager@2456716b]; rollback [true]
2022-11-17 17:27:03.995  INFO 20624 --- [    Test worker] c.e.e.s.s.JwtAuthenticationFilter        : JwtAuth Filter, Request URI : /auth/signup
2022-11-17 17:27:03.998  INFO 20624 --- [    Test worker] c.e.e.s.s.JwtAuthenticationFilter        : JwtAuth Filter, Request URI : /auth/signup
2022-11-17 17:27:04.090 DEBUG 20624 --- [    Test worker] org.hibernate.SQL                        : 
    select
        member0_.member_id as col_0_0_ 
    from
        member member0_ 
    where
        member0_.student_number=? limit ?
Hibernate: 
    select
        member0_.member_id as col_0_0_ 
    from
        member member0_ 
    where
        member0_.student_number=? limit ?
2022-11-17 17:27:04.120 DEBUG 20624 --- [    Test worker] org.hibernate.SQL                        : 
    select
        member0_.member_id as col_0_0_ 
    from
        member member0_ 
    where
        member0_.phone_number=? limit ?
Hibernate: 
    select
        member0_.member_id as col_0_0_ 
    from
        member member0_ 
    where
        member0_.phone_number=? limit ?
2022-11-17 17:27:04.209 DEBUG 20624 --- [    Test worker] org.hibernate.SQL                        : 
    select
        member0_.member_id as member_i1_0_0_,
        member0_.create_date as create_d2_0_0_,
        member0_.update_date as update_d3_0_0_,
        member0_.area as area4_0_0_,
        member0_.auth as auth5_0_0_,
        member0_.delete_date as delete_d6_0_0_,
        member0_.department as departme7_0_0_,
        member0_.email as email8_0_0_,
        member0_.is_member as is_membe9_0_0_,
        member0_.is_removed as is_remo10_0_0_,
        member0_.member_name as member_11_0_0_,
        member0_.password as passwor12_0_0_,
        member0_.phone_number as phone_n13_0_0_,
        member0_.profile_image as profile14_0_0_,
        member0_.student_number as student15_0_0_ 
    from
        member member0_ 
    where
        member0_.member_id=?
Hibernate: 
    select
        member0_.member_id as member_i1_0_0_,
        member0_.create_date as create_d2_0_0_,
        member0_.update_date as update_d3_0_0_,
        member0_.area as area4_0_0_,
        member0_.auth as auth5_0_0_,
        member0_.delete_date as delete_d6_0_0_,
        member0_.department as departme7_0_0_,
        member0_.email as email8_0_0_,
        member0_.is_member as is_membe9_0_0_,
        member0_.is_removed as is_remo10_0_0_,
        member0_.member_name as member_11_0_0_,
        member0_.password as passwor12_0_0_,
        member0_.phone_number as phone_n13_0_0_,
        member0_.profile_image as profile14_0_0_,
        member0_.student_number as student15_0_0_ 
    from
        member member0_ 
    where
        member0_.member_id=?
2022-11-17 17:27:04.240 DEBUG 20624 --- [    Test worker] org.hibernate.SQL                        : 
    insert 
    into
        member
        (member_id, create_date, update_date, area, auth, delete_date, department, email, is_member, is_removed, member_name, password, phone_number, profile_image, student_number) 
    values
        (default, ?, ?, ?, ?, ?, ?, ?, ?, ?, ?, ?, ?, ?, ?)
Hibernate: 
    insert 
    into
        member
        (member_id, create_date, update_date, area, auth, delete_date, department, email, is_member, is_removed, member_name, password, phone_number, profile_image, student_number) 
    values
        (default, ?, ?, ?, ?, ?, ?, ?, ?, ?, ?, ?, ?, ?, ?)

MockHttpServletRequest:
      HTTP Method = POST
      Request URI = /auth/signup
       Parameters = {}
          Headers = [Content-Type:"application/json;charset=UTF-8", Content-Length:"212"]
             Body = {"studentNumber":"2015","email":null,"password":"2015","memberName":"명진","department":"통계학과","phoneNumber":"010","auth":"PASSENGER","profileImage":null,"area":null,"memberTimeTable":[],"member":false}
    Session Attrs = {}

Handler:
             Type = com.example.eunboard.auth.adapter.in.AuthController
           Method = com.example.eunboard.auth.adapter.in.AuthController#signup(MemberRequestDTO)

Async:
    Async started = false
     Async result = null

Resolved Exception:
             Type = null

ModelAndView:
        View name = null
             View = null
            Model = null

FlashMap:
       Attributes = null

MockHttpServletResponse:
           Status = 200
    Error message = null
          Headers = [Vary:"Origin", "Access-Control-Request-Method", "Access-Control-Request-Headers", Content-Type:"application/json", X-Content-Type-Options:"nosniff", X-XSS-Protection:"1; mode=block", Cache-Control:"no-cache, no-store, max-age=0, must-revalidate", Pragma:"no-cache", Expires:"0", X-Frame-Options:"SAMEORIGIN"]
     Content type = application/json
             Body = {"token":null,"email":null,"studentNumber":"2015","memberName":"명진","department":"통계학과","phoneNumber":"010","auth":"PASSENGER","profileImage":"/images/default.png","area":null,"memberTimeTable":[],"member":false}
    Forwarded URL = null
   Redirected URL = null
          Cookies = []
2022-11-17 17:27:04.268  INFO 20624 --- [    Test worker] c.e.e.s.s.JwtAuthenticationFilter        : JwtAuth Filter, Request URI : /auth/login
2022-11-17 17:27:04.268  INFO 20624 --- [    Test worker] c.e.e.s.s.JwtAuthenticationFilter        : JwtAuth Filter, Request URI : /auth/login
2022-11-17 17:27:04.277 DEBUG 20624 --- [    Test worker] org.hibernate.SQL                        : 
    update
        member 
    set
        update_date=?,
        area=?,
        auth=?,
        delete_date=?,
        department=?,
        email=?,
        is_member=?,
        is_removed=?,
        member_name=?,
        password=?,
        phone_number=?,
        profile_image=?,
        student_number=? 
    where
        member_id=?
Hibernate: 
    update
        member 
    set
        update_date=?,
        area=?,
        auth=?,
        delete_date=?,
        department=?,
        email=?,
        is_member=?,
        is_removed=?,
        member_name=?,
        password=?,
        phone_number=?,
        profile_image=?,
        student_number=? 
    where
        member_id=?
2022-11-17 17:27:04.281 DEBUG 20624 --- [    Test worker] org.hibernate.SQL                        : 
    select
        member0_.member_id as member_i1_0_,
        member0_.create_date as create_d2_0_,
        member0_.update_date as update_d3_0_,
        member0_.area as area4_0_,
        member0_.auth as auth5_0_,
        member0_.delete_date as delete_d6_0_,
        member0_.department as departme7_0_,
        member0_.email as email8_0_,
        member0_.is_member as is_membe9_0_,
        member0_.is_removed as is_remo10_0_,
        member0_.member_name as member_11_0_,
        member0_.password as passwor12_0_,
        member0_.phone_number as phone_n13_0_,
        member0_.profile_image as profile14_0_,
        member0_.student_number as student15_0_ 
    from
        member member0_ 
    where
        member0_.phone_number=?
Hibernate: 
    select
        member0_.member_id as member_i1_0_,
        member0_.create_date as create_d2_0_,
        member0_.update_date as update_d3_0_,
        member0_.area as area4_0_,
        member0_.auth as auth5_0_,
        member0_.delete_date as delete_d6_0_,
        member0_.department as departme7_0_,
        member0_.email as email8_0_,
        member0_.is_member as is_membe9_0_,
        member0_.is_removed as is_remo10_0_,
        member0_.member_name as member_11_0_,
        member0_.password as passwor12_0_,
        member0_.phone_number as phone_n13_0_,
        member0_.profile_image as profile14_0_,
        member0_.student_number as student15_0_ 
    from
        member member0_ 
    where
        member0_.phone_number=?
2022-11-17 17:27:04.440 DEBUG 20624 --- [    Test worker] org.hibernate.SQL                        : 
    select
        member0_.member_id as member_i1_0_,
        member0_.create_date as create_d2_0_,
        member0_.update_date as update_d3_0_,
        member0_.area as area4_0_,
        member0_.auth as auth5_0_,
        member0_.delete_date as delete_d6_0_,
        member0_.department as departme7_0_,
        member0_.email as email8_0_,
        member0_.is_member as is_membe9_0_,
        member0_.is_removed as is_remo10_0_,
        member0_.member_name as member_11_0_,
        member0_.password as passwor12_0_,
        member0_.phone_number as phone_n13_0_,
        member0_.profile_image as profile14_0_,
        member0_.student_number as student15_0_ 
    from
        member member0_ 
    where
        member0_.phone_number=?
Hibernate: 
    select
        member0_.member_id as member_i1_0_,
        member0_.create_date as create_d2_0_,
        member0_.update_date as update_d3_0_,
        member0_.area as area4_0_,
        member0_.auth as auth5_0_,
        member0_.delete_date as delete_d6_0_,
        member0_.department as departme7_0_,
        member0_.email as email8_0_,
        member0_.is_member as is_membe9_0_,
        member0_.is_removed as is_remo10_0_,
        member0_.member_name as member_11_0_,
        member0_.password as passwor12_0_,
        member0_.phone_number as phone_n13_0_,
        member0_.profile_image as profile14_0_,
        member0_.student_number as student15_0_ 
    from
        member member0_ 
    where
        member0_.phone_number=?

MockHttpServletRequest:
      HTTP Method = POST
      Request URI = /auth/login
       Parameters = {}
          Headers = [Content-Type:"application/json;charset=UTF-8", Content-Length:"61"]
             Body = {"password":"2015","memberName":"명진","phoneNumber":"010"}
    Session Attrs = {}

Handler:
             Type = com.example.eunboard.auth.adapter.in.AuthController
           Method = com.example.eunboard.auth.adapter.in.AuthController#login(LoginRequestDto)

Async:
    Async started = false
     Async result = null

Resolved Exception:
             Type = null

ModelAndView:
        View name = null
             View = null
            Model = null

FlashMap:
       Attributes = null

MockHttpServletResponse:
           Status = 200
    Error message = null
          Headers = [Vary:"Origin", "Access-Control-Request-Method", "Access-Control-Request-Headers", Content-Type:"application/json", X-Content-Type-Options:"nosniff", X-XSS-Protection:"1; mode=block", Cache-Control:"no-cache, no-store, max-age=0, must-revalidate", Pragma:"no-cache", Expires:"0", X-Frame-Options:"SAMEORIGIN"]
     Content type = application/json
             Body = {"grantType":"Bearer","accessToken":"eyJhbGciOiJIUzUxMiJ9.eyJzdWIiOiIxIiwiYXV0aCI6IlBBU1NFTkdFUiIsImV4cCI6MTY2ODY3NzIyNH0.zjcNqLMMLUwdC-yFh11tBl20TVG40Aaxt9h3FOP4XfLak_Yg5Spj4cXtTq1C8UdZQqJpG_7iGeuiOt9O3VtuUw","refreshToken":"eyJhbGciOiJIUzUxMiJ9.eyJleHAiOjE2Njg3ODE2MjR9.7iFTYABBQbsV-NTrRtDl4WhoOBL-DDGHdh49XKwFy3WfDBt8aD7nlXfnDjJuj315BTV_NCNyqx2abZES0mRMxQ","accessTokenExpiresIn":1668677224521,"refreshTokenExpiresIn":1668781624521}
    Forwarded URL = null
   Redirected URL = null
          Cookies = []
2022-11-17 17:27:04.708  INFO 20624 --- [    Test worker] c.e.e.s.s.JwtAuthenticationFilter        : JwtAuth Filter, Request URI : /ticket/new

MockHttpServletRequest:
      HTTP Method = POST
      Request URI = /auth/signup
       Parameters = {}
          Headers = [Content-Type:"application/json;charset=UTF-8", Content-Length:"212"]
             Body = {"studentNumber":"2015","email":null,"password":"2015","memberName":"명진","department":"통계학과","phoneNumber":"010","auth":"PASSENGER","profileImage":null,"area":null,"memberTimeTable":[],"member":false}
    Session Attrs = {}

Handler:
             Type = com.example.eunboard.auth.adapter.in.AuthController
           Method = com.example.eunboard.auth.adapter.in.AuthController#signup(MemberRequestDTO)

Async:
    Async started = false
     Async result = null

Resolved Exception:
             Type = null

ModelAndView:
        View name = null
             View = null
            Model = null

FlashMap:
       Attributes = null

MockHttpServletResponse:
           Status = 200
    Error message = null
          Headers = [Vary:"Origin", "Access-Control-Request-Method", "Access-Control-Request-Headers", Content-Type:"application/json", X-Content-Type-Options:"nosniff", X-XSS-Protection:"1; mode=block", Cache-Control:"no-cache, no-store, max-age=0, must-revalidate", Pragma:"no-cache", Expires:"0", X-Frame-Options:"SAMEORIGIN"]
     Content type = application/json
             Body = {"token":null,"email":null,"studentNumber":"2015","memberName":"명진","department":"통계학과","phoneNumber":"010","auth":"PASSENGER","profileImage":"/images/default.png","area":null,"memberTimeTable":[],"member":false}
    Forwarded URL = null
   Redirected URL = null
          Cookies = []

MockHttpServletRequest:
      HTTP Method = POST
      Request URI = /auth/login
       Parameters = {}
          Headers = [Content-Type:"application/json;charset=UTF-8", Content-Length:"61"]
             Body = {"password":"2015","memberName":"명진","phoneNumber":"010"}
    Session Attrs = {}

Handler:
             Type = com.example.eunboard.auth.adapter.in.AuthController
           Method = com.example.eunboard.auth.adapter.in.AuthController#login(LoginRequestDto)

Async:
    Async started = false
     Async result = null

Resolved Exception:
             Type = null

ModelAndView:
        View name = null
             View = null
            Model = null

FlashMap:
       Attributes = null

MockHttpServletResponse:
           Status = 200
    Error message = null
          Headers = [Vary:"Origin", "Access-Control-Request-Method", "Access-Control-Request-Headers", Content-Type:"application/json", X-Content-Type-Options:"nosniff", X-XSS-Protection:"1; mode=block", Cache-Control:"no-cache, no-store, max-age=0, must-revalidate", Pragma:"no-cache", Expires:"0", X-Frame-Options:"SAMEORIGIN"]
     Content type = application/json
             Body = {"grantType":"Bearer","accessToken":"eyJhbGciOiJIUzUxMiJ9.eyJzdWIiOiIxIiwiYXV0aCI6IlBBU1NFTkdFUiIsImV4cCI6MTY2ODY3NzIyNH0.zjcNqLMMLUwdC-yFh11tBl20TVG40Aaxt9h3FOP4XfLak_Yg5Spj4cXtTq1C8UdZQqJpG_7iGeuiOt9O3VtuUw","refreshToken":"eyJhbGciOiJIUzUxMiJ9.eyJleHAiOjE2Njg3ODE2MjR9.7iFTYABBQbsV-NTrRtDl4WhoOBL-DDGHdh49XKwFy3WfDBt8aD7nlXfnDjJuj315BTV_NCNyqx2abZES0mRMxQ","accessTokenExpiresIn":1668677224521,"refreshTokenExpiresIn":1668781624521}
    Forwarded URL = null
   Redirected URL = null
          Cookies = []

MockHttpServletRequest:
      HTTP Method = POST
      Request URI = /ticket/new
       Parameters = {}
          Headers = [Content-Type:"application/json;charset=UTF-8", Content-Length:"174"]
             Body = {"id":null,"memberId":1,"startArea":"인동","status":"BEFORE","endArea":"대학교","startDtime":null,"kakaoOpenChatTitle":null,"kakaoOpenChatUrl":null,"recruitPerson":null}
    Session Attrs = {}

Handler:
             Type = null

Async:
    Async started = false
     Async result = null

Resolved Exception:
             Type = null

ModelAndView:
        View name = null
             View = null
            Model = null

FlashMap:
       Attributes = null

MockHttpServletResponse:
           Status = 401
    Error message = null
          Headers = [Vary:"Origin", "Access-Control-Request-Method", "Access-Control-Request-Headers", X-Content-Type-Options:"nosniff", X-XSS-Protection:"1; mode=block", Cache-Control:"no-cache, no-store, max-age=0, must-revalidate", Pragma:"no-cache", Expires:"0", X-Frame-Options:"SAMEORIGIN"]
     Content type = null
             Body = 
    Forwarded URL = null
   Redirected URL = null
          Cookies = []
2022-11-17 17:27:04.718  INFO 20624 --- [    Test worker] o.s.t.c.transaction.TransactionContext   : Rolled back transaction for test: [DefaultTestContext@36b0fcd5 testClass = LoginControllerTest, testInstance = com.example.eunboard.controller.LoginControllerTest@2be9add0, testMethod = newTicketTest@LoginControllerTest, testException = java.lang.AssertionError: Status expected:<200> but was:<401>, mergedContextConfiguration = [WebMergedContextConfiguration@4fad94a7 testClass = LoginControllerTest, locations = '{}', classes = '{class com.example.eunboard.EunboardApplication}', contextInitializerClasses = '[]', activeProfiles = '{}', propertySourceLocations = '{}', propertySourceProperties = '{org.springframework.boot.test.context.SpringBootTestContextBootstrapper=true}', contextCustomizers = set[org.springframework.boot.test.autoconfigure.actuate.metrics.MetricsExportContextCustomizerFactory$DisableMetricExportContextCustomizer@4b79ac84, org.springframework.boot.test.autoconfigure.properties.PropertyMappingContextCustomizer@4b3fa0b3, org.springframework.boot.test.autoconfigure.web.servlet.WebDriverContextCustomizerFactory$Customizer@40db2a24, [ImportsContextCustomizer@475835b1 key = [org.springframework.boot.test.autoconfigure.web.servlet.MockMvcAutoConfiguration, org.springframework.boot.test.autoconfigure.web.servlet.MockMvcWebClientAutoConfiguration, org.springframework.boot.test.autoconfigure.web.servlet.MockMvcWebDriverAutoConfiguration, org.springframework.boot.autoconfigure.security.oauth2.client.servlet.OAuth2ClientAutoConfiguration, org.springframework.boot.autoconfigure.security.oauth2.resource.servlet.OAuth2ResourceServerAutoConfiguration, org.springframework.boot.autoconfigure.security.servlet.SecurityAutoConfiguration, org.springframework.boot.autoconfigure.security.servlet.SecurityFilterAutoConfiguration, org.springframework.boot.autoconfigure.security.servlet.UserDetailsServiceAutoConfiguration, org.springframework.boot.test.autoconfigure.web.servlet.MockMvcSecurityConfiguration, org.springframework.boot.test.autoconfigure.web.reactive.WebTestClientAutoConfiguration]], org.springframework.boot.test.context.filter.ExcludeFilterContextCustomizer@6fb365ed, org.springframework.boot.test.json.DuplicateJsonObjectContextCustomizerFactory$DuplicateJsonObjectContextCustomizer@46dffdc3, org.springframework.boot.test.mock.mockito.MockitoContextCustomizer@0, org.springframework.boot.test.web.client.TestRestTemplateContextCustomizer@149dd36b, org.springframework.boot.test.context.SpringBootTestArgs@1, org.springframework.boot.test.context.SpringBootTestWebEnvironment@2892dae4], resourceBasePath = 'src/main/webapp', contextLoader = 'org.springframework.boot.test.context.SpringBootContextLoader', parent = [null]], attributes = map['org.springframework.test.context.web.ServletTestExecutionListener.activateListener' -> true, 'org.springframework.test.context.web.ServletTestExecutionListener.populatedRequestContextHolder' -> true, 'org.springframework.test.context.web.ServletTestExecutionListener.resetRequestContextHolder' -> true, 'org.springframework.test.context.event.ApplicationEventsTestExecutionListener.recordApplicationEvents' -> false]]
]]></system-out>
  <system-err><![CDATA[]]></system-err>
</testsuite>
