<?xml version="1.0" encoding="UTF-8"?>
<testsuite name="com.example.eunboard.ticket.adapter.out.CustomTicketRepositoryImplTest" tests="1" skipped="0" failures="0" errors="0" timestamp="2022-12-09T04:45:42" hostname="60156077ui-Macmini.local" time="0.075">
  <properties/>
  <testcase name="checkTimeLogic()" classname="com.example.eunboard.ticket.adapter.out.CustomTicketRepositoryImplTest" time="0.075"/>
  <system-out><![CDATA[13:45:39.155 [Test worker] DEBUG org.springframework.test.context.BootstrapUtils - Instantiating CacheAwareContextLoaderDelegate from class [org.springframework.test.context.cache.DefaultCacheAwareContextLoaderDelegate]
13:45:39.159 [Test worker] DEBUG org.springframework.test.context.BootstrapUtils - Instantiating BootstrapContext using constructor [public org.springframework.test.context.support.DefaultBootstrapContext(java.lang.Class,org.springframework.test.context.CacheAwareContextLoaderDelegate)]
13:45:39.173 [Test worker] DEBUG org.springframework.test.context.BootstrapUtils - Instantiating TestContextBootstrapper for test class [com.example.eunboard.ticket.adapter.out.CustomTicketRepositoryImplTest] from class [org.springframework.boot.test.context.SpringBootTestContextBootstrapper]
13:45:39.178 [Test worker] INFO org.springframework.boot.test.context.SpringBootTestContextBootstrapper - Neither @ContextConfiguration nor @ContextHierarchy found for test class [com.example.eunboard.ticket.adapter.out.CustomTicketRepositoryImplTest], using SpringBootContextLoader
13:45:39.179 [Test worker] DEBUG org.springframework.test.context.support.AbstractContextLoader - Did not detect default resource location for test class [com.example.eunboard.ticket.adapter.out.CustomTicketRepositoryImplTest]: class path resource [com/example/eunboard/ticket/adapter/out/CustomTicketRepositoryImplTest-context.xml] does not exist
13:45:39.180 [Test worker] DEBUG org.springframework.test.context.support.AbstractContextLoader - Did not detect default resource location for test class [com.example.eunboard.ticket.adapter.out.CustomTicketRepositoryImplTest]: class path resource [com/example/eunboard/ticket/adapter/out/CustomTicketRepositoryImplTestContext.groovy] does not exist
13:45:39.180 [Test worker] INFO org.springframework.test.context.support.AbstractContextLoader - Could not detect default resource locations for test class [com.example.eunboard.ticket.adapter.out.CustomTicketRepositoryImplTest]: no resource found for suffixes {-context.xml, Context.groovy}.
13:45:39.180 [Test worker] INFO org.springframework.test.context.support.AnnotationConfigContextLoaderUtils - Could not detect default configuration classes for test class [com.example.eunboard.ticket.adapter.out.CustomTicketRepositoryImplTest]: CustomTicketRepositoryImplTest does not declare any static, non-private, non-final, nested classes annotated with @Configuration.
13:45:39.197 [Test worker] DEBUG org.springframework.test.context.support.ActiveProfilesUtils - Could not find an 'annotation declaring class' for annotation type [org.springframework.test.context.ActiveProfiles] and class [com.example.eunboard.ticket.adapter.out.CustomTicketRepositoryImplTest]
13:45:39.240 [Test worker] DEBUG org.springframework.context.annotation.ClassPathScanningCandidateComponentProvider - Identified candidate component class: file [/Users/a60156077/Documents/side/MateCarPool/build/classes/java/main/com/example/eunboard/EunboardApplication.class]
13:45:39.241 [Test worker] INFO org.springframework.boot.test.context.SpringBootTestContextBootstrapper - Found @SpringBootConfiguration com.example.eunboard.EunboardApplication for test class com.example.eunboard.ticket.adapter.out.CustomTicketRepositoryImplTest
13:45:39.278 [Test worker] DEBUG org.springframework.boot.test.context.SpringBootTestContextBootstrapper - @TestExecutionListeners is not present for class [com.example.eunboard.ticket.adapter.out.CustomTicketRepositoryImplTest]: using defaults.
13:45:39.278 [Test worker] INFO org.springframework.boot.test.context.SpringBootTestContextBootstrapper - Loaded default TestExecutionListener class names from location [META-INF/spring.factories]: [org.springframework.security.test.context.support.WithSecurityContextTestExecutionListener, org.springframework.security.test.context.support.ReactorContextTestExecutionListener, org.springframework.boot.test.autoconfigure.restdocs.RestDocsTestExecutionListener, org.springframework.boot.test.autoconfigure.web.client.MockRestServiceServerResetTestExecutionListener, org.springframework.boot.test.autoconfigure.web.servlet.MockMvcPrintOnlyOnFailureTestExecutionListener, org.springframework.boot.test.autoconfigure.web.servlet.WebDriverTestExecutionListener, org.springframework.boot.test.autoconfigure.webservices.client.MockWebServiceServerTestExecutionListener, org.springframework.boot.test.mock.mockito.MockitoTestExecutionListener, org.springframework.boot.test.mock.mockito.ResetMocksTestExecutionListener, org.springframework.test.context.web.ServletTestExecutionListener, org.springframework.test.context.support.DirtiesContextBeforeModesTestExecutionListener, org.springframework.test.context.event.ApplicationEventsTestExecutionListener, org.springframework.test.context.support.DependencyInjectionTestExecutionListener, org.springframework.test.context.support.DirtiesContextTestExecutionListener, org.springframework.test.context.transaction.TransactionalTestExecutionListener, org.springframework.test.context.jdbc.SqlScriptsTestExecutionListener, org.springframework.test.context.event.EventPublishingTestExecutionListener]
13:45:39.285 [Test worker] INFO org.springframework.boot.test.context.SpringBootTestContextBootstrapper - Using TestExecutionListeners: [org.springframework.test.context.web.ServletTestExecutionListener@63192798, org.springframework.test.context.support.DirtiesContextBeforeModesTestExecutionListener@50eca7c6, org.springframework.test.context.event.ApplicationEventsTestExecutionListener@58e6d4b8, org.springframework.boot.test.mock.mockito.MockitoTestExecutionListener@1de5f0ef, org.springframework.boot.test.autoconfigure.SpringBootDependencyInjectionTestExecutionListener@376a312c, org.springframework.test.context.support.DirtiesContextTestExecutionListener@28d6290, org.springframework.test.context.transaction.TransactionalTestExecutionListener@6ca0256d, org.springframework.test.context.jdbc.SqlScriptsTestExecutionListener@5ef0d29e, org.springframework.security.test.context.support.WithSecurityContextTestExecutionListener@38f57b3d, org.springframework.test.context.event.EventPublishingTestExecutionListener@51850751, org.springframework.security.test.context.support.ReactorContextTestExecutionListener@3ce3db41, org.springframework.boot.test.autoconfigure.restdocs.RestDocsTestExecutionListener@64df9a61, org.springframework.boot.test.autoconfigure.web.client.MockRestServiceServerResetTestExecutionListener@77602954, org.springframework.boot.test.autoconfigure.web.servlet.MockMvcPrintOnlyOnFailureTestExecutionListener@e260766, org.springframework.boot.test.autoconfigure.web.servlet.WebDriverTestExecutionListener@2c3dec30, org.springframework.boot.test.autoconfigure.webservices.client.MockWebServiceServerTestExecutionListener@34a97744, org.springframework.boot.test.mock.mockito.ResetMocksTestExecutionListener@4275c20c]
13:45:39.286 [Test worker] DEBUG org.springframework.test.context.support.AbstractDirtiesContextTestExecutionListener - Before test class: context [DefaultTestContext@34625ccd testClass = CustomTicketRepositoryImplTest, testInstance = [null], testMethod = [null], testException = [null], mergedContextConfiguration = [WebMergedContextConfiguration@2c7d121c testClass = CustomTicketRepositoryImplTest, locations = '{}', classes = '{class com.example.eunboard.EunboardApplication}', contextInitializerClasses = '[]', activeProfiles = '{}', propertySourceLocations = '{}', propertySourceProperties = '{org.springframework.boot.test.context.SpringBootTestContextBootstrapper=true}', contextCustomizers = set[org.springframework.boot.test.autoconfigure.actuate.metrics.MetricsExportContextCustomizerFactory$DisableMetricExportContextCustomizer@7a1a14a4, org.springframework.boot.test.autoconfigure.properties.PropertyMappingContextCustomizer@0, org.springframework.boot.test.autoconfigure.web.servlet.WebDriverContextCustomizerFactory$Customizer@5a755cc1, org.springframework.boot.test.context.filter.ExcludeFilterContextCustomizer@63fbfaeb, org.springframework.boot.test.json.DuplicateJsonObjectContextCustomizerFactory$DuplicateJsonObjectContextCustomizer@22f31dec, org.springframework.boot.test.mock.mockito.MockitoContextCustomizer@0, org.springframework.boot.test.web.client.TestRestTemplateContextCustomizer@49964d75, org.springframework.boot.test.context.SpringBootTestArgs@1, org.springframework.boot.test.context.SpringBootTestWebEnvironment@46fa7c39], resourceBasePath = 'src/main/webapp', contextLoader = 'org.springframework.boot.test.context.SpringBootContextLoader', parent = [null]], attributes = map['org.springframework.test.context.web.ServletTestExecutionListener.activateListener' -> true]], class annotated with @DirtiesContext [false] with mode [null].

  .   ____          _            __ _ _
 /\\ / ___'_ __ _ _(_)_ __  __ _ \ \ \ \
( ( )\___ | '_ | '_| | '_ \/ _` | \ \ \ \
 \\/  ___)| |_)| | | | | || (_| |  ) ) ) )
  '  |____| .__|_| |_|_| |_\__, | / / / /
 =========|_|==============|___/=/_/_/_/
 :: Spring Boot ::                (v2.7.3)

2022-12-09 13:45:39.426  INFO 13767 --- [    Test worker] e.e.t.a.o.CustomTicketRepositoryImplTest : Starting CustomTicketRepositoryImplTest using Java 17.0.1 on 60156077ui-Macmini.local with PID 13767 (started by a60156077 in /Users/a60156077/Documents/side/MateCarPool)
2022-12-09 13:45:39.426  INFO 13767 --- [    Test worker] e.e.t.a.o.CustomTicketRepositoryImplTest : The following 1 profile is active: "mj"
2022-12-09 13:45:39.881  INFO 13767 --- [    Test worker] .s.d.r.c.RepositoryConfigurationDelegate : Multiple Spring Data modules found, entering strict repository configuration mode
2022-12-09 13:45:39.882  INFO 13767 --- [    Test worker] .s.d.r.c.RepositoryConfigurationDelegate : Bootstrapping Spring Data Redis repositories in DEFAULT mode.
2022-12-09 13:45:39.891  INFO 13767 --- [    Test worker] .s.d.r.c.RepositoryConfigurationDelegate : Finished Spring Data repository scanning in 3 ms. Found 0 Redis repository interfaces.
2022-12-09 13:45:39.994  INFO 13767 --- [    Test worker] .s.d.r.c.RepositoryConfigurationDelegate : Multiple Spring Data modules found, entering strict repository configuration mode
2022-12-09 13:45:39.994  INFO 13767 --- [    Test worker] .s.d.r.c.RepositoryConfigurationDelegate : Bootstrapping Spring Data JPA repositories in DEFAULT mode.
2022-12-09 13:45:40.145  INFO 13767 --- [    Test worker] .s.d.r.c.RepositoryConfigurationDelegate : Finished Spring Data repository scanning in 149 ms. Found 7 JPA repository interfaces.
2022-12-09 13:45:40.150  INFO 13767 --- [    Test worker] .s.d.r.c.RepositoryConfigurationDelegate : Multiple Spring Data modules found, entering strict repository configuration mode
2022-12-09 13:45:40.150  INFO 13767 --- [    Test worker] .s.d.r.c.RepositoryConfigurationDelegate : Bootstrapping Spring Data Redis repositories in DEFAULT mode.
2022-12-09 13:45:40.176  INFO 13767 --- [    Test worker] .RepositoryConfigurationExtensionSupport : Spring Data Redis - Could not safely identify store assignment for repository candidate interface com.example.eunboard.board.adapter.out.QuestionBoardRepository; If you want this repository to be a Redis repository, consider annotating your entities with one of these annotations: org.springframework.data.redis.core.RedisHash (preferred), or consider extending one of the following types with your repository: org.springframework.data.keyvalue.repository.KeyValueRepository
2022-12-09 13:45:40.176  INFO 13767 --- [    Test worker] .RepositoryConfigurationExtensionSupport : Spring Data Redis - Could not safely identify store assignment for repository candidate interface com.example.eunboard.board.adapter.out.ReportBoardRepository; If you want this repository to be a Redis repository, consider annotating your entities with one of these annotations: org.springframework.data.redis.core.RedisHash (preferred), or consider extending one of the following types with your repository: org.springframework.data.keyvalue.repository.KeyValueRepository
2022-12-09 13:45:40.176  INFO 13767 --- [    Test worker] .RepositoryConfigurationExtensionSupport : Spring Data Redis - Could not safely identify store assignment for repository candidate interface com.example.eunboard.member.adapter.out.repository.MemberRepository; If you want this repository to be a Redis repository, consider annotating your entities with one of these annotations: org.springframework.data.redis.core.RedisHash (preferred), or consider extending one of the following types with your repository: org.springframework.data.keyvalue.repository.KeyValueRepository
2022-12-09 13:45:40.177  INFO 13767 --- [    Test worker] .RepositoryConfigurationExtensionSupport : Spring Data Redis - Could not safely identify store assignment for repository candidate interface com.example.eunboard.passenger.adapter.out.repository.PassengerRepository; If you want this repository to be a Redis repository, consider annotating your entities with one of these annotations: org.springframework.data.redis.core.RedisHash (preferred), or consider extending one of the following types with your repository: org.springframework.data.keyvalue.repository.KeyValueRepository
2022-12-09 13:45:40.177  INFO 13767 --- [    Test worker] .RepositoryConfigurationExtensionSupport : Spring Data Redis - Could not safely identify store assignment for repository candidate interface com.example.eunboard.ticket.adapter.out.TicketRepository; If you want this repository to be a Redis repository, consider annotating your entities with one of these annotations: org.springframework.data.redis.core.RedisHash (preferred), or consider extending one of the following types with your repository: org.springframework.data.keyvalue.repository.KeyValueRepository
2022-12-09 13:45:40.177  INFO 13767 --- [    Test worker] .RepositoryConfigurationExtensionSupport : Spring Data Redis - Could not safely identify store assignment for repository candidate interface com.example.eunboard.ticket.adapter.out.WithdrawalRepository; If you want this repository to be a Redis repository, consider annotating your entities with one of these annotations: org.springframework.data.redis.core.RedisHash (preferred), or consider extending one of the following types with your repository: org.springframework.data.keyvalue.repository.KeyValueRepository
2022-12-09 13:45:40.177  INFO 13767 --- [    Test worker] .RepositoryConfigurationExtensionSupport : Spring Data Redis - Could not safely identify store assignment for repository candidate interface com.example.eunboard.timetable.adapter.out.repository.MemberTimetableRepository; If you want this repository to be a Redis repository, consider annotating your entities with one of these annotations: org.springframework.data.redis.core.RedisHash (preferred), or consider extending one of the following types with your repository: org.springframework.data.keyvalue.repository.KeyValueRepository
2022-12-09 13:45:40.177  INFO 13767 --- [    Test worker] .s.d.r.c.RepositoryConfigurationDelegate : Finished Spring Data repository scanning in 27 ms. Found 0 Redis repository interfaces.
2022-12-09 13:45:40.486  INFO 13767 --- [    Test worker] o.hibernate.jpa.internal.util.LogHelper  : HHH000204: Processing PersistenceUnitInfo [name: default]
2022-12-09 13:45:40.509  INFO 13767 --- [    Test worker] org.hibernate.Version                    : HHH000412: Hibernate ORM core version 5.6.10.Final
2022-12-09 13:45:40.577  INFO 13767 --- [    Test worker] o.hibernate.annotations.common.Version   : HCANN000001: Hibernate Commons Annotations {5.1.2.Final}
2022-12-09 13:45:40.618  INFO 13767 --- [    Test worker] com.zaxxer.hikari.HikariDataSource       : HikariPool-1 - Starting...
2022-12-09 13:45:40.668  INFO 13767 --- [    Test worker] com.zaxxer.hikari.HikariDataSource       : HikariPool-1 - Start completed.
2022-12-09 13:45:40.681  INFO 13767 --- [    Test worker] org.hibernate.dialect.Dialect            : HHH000400: Using dialect: org.hibernate.dialect.H2Dialect
2022-12-09 13:45:41.016  INFO 13767 --- [    Test worker] o.h.e.t.j.p.i.JtaPlatformInitiator       : HHH000490: Using JtaPlatform implementation: [org.hibernate.engine.transaction.jta.platform.internal.NoJtaPlatform]
2022-12-09 13:45:41.019  INFO 13767 --- [    Test worker] j.LocalContainerEntityManagerFactoryBean : Initialized JPA EntityManagerFactory for persistence unit 'default'
2022-12-09 13:45:41.697  WARN 13767 --- [    Test worker] JpaBaseConfiguration$JpaWebConfiguration : spring.jpa.open-in-view is enabled by default. Therefore, database queries may be performed during view rendering. Explicitly configure spring.jpa.open-in-view to disable this warning
2022-12-09 13:45:42.237  INFO 13767 --- [    Test worker] o.s.s.web.DefaultSecurityFilterChain     : Will secure any request with [org.springframework.security.web.session.DisableEncodeUrlFilter@17796f47, org.springframework.security.web.context.request.async.WebAsyncManagerIntegrationFilter@369f85c6, org.springframework.security.web.context.SecurityContextPersistenceFilter@359fd0a2, org.springframework.security.web.header.HeaderWriterFilter@6eaf6ced, org.springframework.web.filter.CorsFilter@5b6637f3, org.springframework.security.web.authentication.logout.LogoutFilter@5dd62f07, com.example.eunboard.shared.security.JwtAuthenticationFilter@5dc218e2, org.springframework.security.web.savedrequest.RequestCacheAwareFilter@54a98358, org.springframework.security.web.servletapi.SecurityContextHolderAwareRequestFilter@1f7853af, org.springframework.security.web.authentication.AnonymousAuthenticationFilter@11d474a, org.springframework.security.web.session.SessionManagementFilter@1f39b3ba, org.springframework.security.web.access.ExceptionTranslationFilter@64821706, org.springframework.security.web.access.intercept.FilterSecurityInterceptor@22025464]
2022-12-09 13:45:42.240  WARN 13767 --- [    Test worker] o.s.s.c.a.web.builders.WebSecurity       : You are asking Spring Security to ignore Ant [pattern='/h2-console/**']. This is not recommended -- please use permitAll via HttpSecurity#authorizeHttpRequests instead.
2022-12-09 13:45:42.240  INFO 13767 --- [    Test worker] o.s.s.web.DefaultSecurityFilterChain     : Will not secure Ant [pattern='/h2-console/**']
2022-12-09 13:45:42.240  WARN 13767 --- [    Test worker] o.s.s.c.a.web.builders.WebSecurity       : You are asking Spring Security to ignore Ant [pattern='/favicon.ico']. This is not recommended -- please use permitAll via HttpSecurity#authorizeHttpRequests instead.
2022-12-09 13:45:42.240  INFO 13767 --- [    Test worker] o.s.s.web.DefaultSecurityFilterChain     : Will not secure Ant [pattern='/favicon.ico']
2022-12-09 13:45:42.240  WARN 13767 --- [    Test worker] o.s.s.c.a.web.builders.WebSecurity       : You are asking Spring Security to ignore Ant [pattern='/css/**']. This is not recommended -- please use permitAll via HttpSecurity#authorizeHttpRequests instead.
2022-12-09 13:45:42.240  INFO 13767 --- [    Test worker] o.s.s.web.DefaultSecurityFilterChain     : Will not secure Ant [pattern='/css/**']
2022-12-09 13:45:42.240  WARN 13767 --- [    Test worker] o.s.s.c.a.web.builders.WebSecurity       : You are asking Spring Security to ignore Ant [pattern='/js/**']. This is not recommended -- please use permitAll via HttpSecurity#authorizeHttpRequests instead.
2022-12-09 13:45:42.240  INFO 13767 --- [    Test worker] o.s.s.web.DefaultSecurityFilterChain     : Will not secure Ant [pattern='/js/**']
2022-12-09 13:45:42.240  WARN 13767 --- [    Test worker] o.s.s.c.a.web.builders.WebSecurity       : You are asking Spring Security to ignore Ant [pattern='/img/**']. This is not recommended -- please use permitAll via HttpSecurity#authorizeHttpRequests instead.
2022-12-09 13:45:42.240  INFO 13767 --- [    Test worker] o.s.s.web.DefaultSecurityFilterChain     : Will not secure Ant [pattern='/img/**']
2022-12-09 13:45:42.240  WARN 13767 --- [    Test worker] o.s.s.c.a.web.builders.WebSecurity       : You are asking Spring Security to ignore Ant [pattern='/lib/**']. This is not recommended -- please use permitAll via HttpSecurity#authorizeHttpRequests instead.
2022-12-09 13:45:42.240  INFO 13767 --- [    Test worker] o.s.s.web.DefaultSecurityFilterChain     : Will not secure Ant [pattern='/lib/**']
2022-12-09 13:45:42.240  WARN 13767 --- [    Test worker] o.s.s.c.a.web.builders.WebSecurity       : You are asking Spring Security to ignore Ant [pattern='/swagger-ui/**']. This is not recommended -- please use permitAll via HttpSecurity#authorizeHttpRequests instead.
2022-12-09 13:45:42.240  INFO 13767 --- [    Test worker] o.s.s.web.DefaultSecurityFilterChain     : Will not secure Ant [pattern='/swagger-ui/**']
2022-12-09 13:45:42.240  WARN 13767 --- [    Test worker] o.s.s.c.a.web.builders.WebSecurity       : You are asking Spring Security to ignore Ant [pattern='/api_cos/**']. This is not recommended -- please use permitAll via HttpSecurity#authorizeHttpRequests instead.
2022-12-09 13:45:42.240  INFO 13767 --- [    Test worker] o.s.s.web.DefaultSecurityFilterChain     : Will not secure Ant [pattern='/api_cos/**']
2022-12-09 13:45:42.391  WARN 13767 --- [    Test worker] ion$DefaultTemplateResolverConfiguration : Cannot find template location: classpath:/templates/ (please add some templates or check your Thymeleaf configuration)
2022-12-09 13:45:42.530  INFO 13767 --- [    Test worker] e.e.t.a.o.CustomTicketRepositoryImplTest : Started CustomTicketRepositoryImplTest in 3.231 seconds (JVM running for 3.828)
now = 2022-12-09T00:01
night = 2022-12-08T21:00
morning = 2022-12-08T09:30
]]></system-out>
  <system-err><![CDATA[]]></system-err>
</testsuite>
